1 0 1:0.7024863449054815 0:0.29751365509451855 
2 0 1:0.9420154559379824 0:0.05798454406201757 
3 0 0:0.9997907577668069 1:2.0924223319315318E-4 
4 0 0:0.9999261683592366 1:7.383164076344657E-5 
5 0 1:0.8878961365166503 0:0.1121038634833496 
6 0 0:0.8603172825372072 1:0.13968271746279284 
7 0 0:0.9990228060940135 1:9.771939059864078E-4 
8 0 0:0.5195180933466843 1:0.48048190665331564 
9 0 1:0.9122997429229335 0:0.08770025707706654 
10 0 0:0.640109055407936 1:0.3598909445920641 
11 0 1:0.8572233354325575 0:0.14277666456744262 
12 0 0:0.983805665982812 1:0.016194334017187895 
13 0 0:0.9992790750694417 1:7.209249305582549E-4 
14 0 0:0.9898666696663485 1:0.010133330333651542 
15 0 0:0.9815087793684711 1:0.01849122063152896 
16 0 0:0.8832889361253871 1:0.11671106387461289 
17 0 0:0.7417366000084177 1:0.2582633999915824 
18 0 0:0.9689461981954831 1:0.03105380180451687 
19 0 0:0.5018416882013025 1:0.4981583117986975 
20 0 0:0.9977787081106078 1:0.0022212918893921184 
21 0 0:0.9987209000247823 1:0.001279099975217719 
22 0 0:0.9999150452077107 1:8.49547922894032E-5 
23 0 0:0.7944674113233335 1:0.20553258867666643 
24 0 0:0.9999900945662012 1:9.90543379885208E-6 
25 0 0:0.9889461979636521 1:0.011053802036347806 
26 0 0:0.8963828570947868 1:0.10361714290521311 
27 0 1:0.9930420692845667 0:0.006957930715433402 
28 0 1:0.995097793309394 0:0.004902206690606104 
29 0 1:0.9965173494919237 0:0.003482650508076159 
30 0 0:0.986050132083001 1:0.013949867916999153 
31 0 0:0.975024447181653 1:0.024975552818346923 
32 0 0:0.9996179043144302 1:3.820956855698102E-4 
33 0 0:0.9956814042627772 1:0.004318595737222859 
34 0 0:0.9898977525734866 1:0.01010224742651347 
35 0 1:0.5162799142868356 0:0.4837200857131644 
36 0 0:0.9334173987998209 1:0.06658260120017914 
37 0 0:0.9930728008594856 1:0.0069271991405144544 
38 0 0:0.9979452723255072 1:0.0020547276744928185 
39 0 1:0.836451138048503 0:0.163548861951497 
40 0 0:0.5643613989606574 1:0.43563860103934265 
41 0 0:0.9983679786035087 1:0.0016320213964914133 
42 0 0:0.8733100910903859 1:0.12668990890961407 
43 0 1:0.5359603545779973 0:0.46403964542200266 
44 0 0:0.9769588968805364 1:0.0230411031194636 
45 0 0:0.9887948791477018 1:0.011205120852298165 
46 0 0:0.9999022906772262 1:9.770932277366462E-5 
47 0 0:0.9796804350397784 1:0.020319564960221616 
48 0 1:0.9725130801225812 0:0.027486919877418754 
49 0 0:0.9983679786035087 1:0.0016320213964914133 
50 0 0:0.996101677172472 1:0.0038983228275278844 
51 0 0:0.9999995401654999 1:4.598345000889478E-7 
52 0 0:0.9983722852294796 1:0.0016277147705204826 
53 0 0:0.9998152211798478 1:1.8477882015208527E-4 
54 0 0:0.8988404393243338 1:0.10115956067566619 
55 0 0:0.784953717395722 1:0.2150462826042781 
56 0 1:0.9134584696853616 0:0.08654153031463836 
57 0 0:0.9261188570433078 1:0.07388114295669214 
58 0 0:0.9898608062140662 1:0.010139193785933804 
59 0 0:0.9703438447420606 1:0.029656155257939496 
60 0 0:0.6268447103662496 1:0.37315528963375055 
61 0 1:0.6830117506853614 0:0.3169882493146386 
62 0 0:0.9934198611851717 1:0.00658013881482838 
63 0 1:0.6358099277689974 0:0.3641900722310027 
64 0 0:0.9920867799300673 1:0.007913220069932586 
65 0 0:0.9983910097066464 1:0.0016089902933537044 
66 0 0:0.994887249576413 1:0.005112750423586961 
67 0 0:0.9999608169806706 1:3.918301932926285E-5 
68 0 0:0.9226534827494973 1:0.07734651725050279 
69 0 0:0.9118296120134896 1:0.08817038798651036 
70 0 0:0.8266532717029063 1:0.17334672829709372 
71 0 0:0.5121979245301913 1:0.48780207546980875 
72 0 0:0.9775543440441278 1:0.022445655955872255 
73 0 0:0.9273937399072864 1:0.07260626009271369 
74 0 0:0.9560337028040664 1:0.04396629719593348 
75 0 0:0.9786546060804988 1:0.021345393919501097 
76 0 0:0.9996953385118137 1:3.0466148818625636E-4 
77 0 0:0.9894592066803302 1:0.010540793319669766 
78 0 0:0.9541603982747092 1:0.045839601725290786 
79 0 0:0.9743379846039655 1:0.02566201539603444 
80 0 0:0.9602520681416669 1:0.03974793185833322 
81 0 0:0.9999389015716748 1:6.109842832520255E-5 
82 0 0:0.7877497528985048 1:0.21225024710149515 
83 0 1:0.6268385875219721 0:0.3731614124780278 
84 0 0:0.9978113540162165 1:0.002188645983783589 
85 0 0:0.9997895263339543 1:2.1047366604557715E-4 
86 0 0:0.9996119710911499 1:3.8802890885008553E-4 
87 0 0:0.9893685207731744 1:0.010631479226825705 
88 0 0:0.9985805433963609 1:0.001419456603639146 
89 0 0:0.7853621630178647 1:0.21463783698213534 
90 0 0:0.9512386849080235 1:0.04876131509197649 
91 0 0:0.9800472864815326 1:0.01995271351846736 
92 0 0:0.9998512995043247 1:1.4870049567533464E-4 
93 0 0:0.9501276810242705 1:0.04987231897572959 
94 0 0:0.9823245095160872 1:0.01767549048391292 
95 0 0:0.8657883845398323 1:0.13421161546016766 
96 0 0:0.9814165310871956 1:0.018583468912804345 
97 0 0:0.9999994170328496 1:5.829671504994433E-7 
98 0 1:0.720799513949074 0:0.279200486050926 
99 0 0:0.9070363994460643 1:0.09296360055393578 
100 0 0:0.9999975689511263 1:2.4310488736506384E-6 
101 0 0:0.9006431440469024 1:0.09935685595309766 
102 0 0:0.9840297097180087 1:0.015970290281991192 
103 0 0:0.9954008871864102 1:0.004599112813589777 
104 0 0:0.5509509533853453 1:0.44904904661465467 
105 0 1:0.7903901548400745 0:0.20960984515992548 
106 0 0:0.5726078422522632 1:0.4273921577477368 
107 0 0:0.9965075619904485 1:0.003492438009551495 
108 0 0:0.5662877516903705 1:0.43371224830962946 
109 0 0:0.610278047505225 1:0.3897219524947751 
110 0 0:0.5643613989606574 1:0.43563860103934265 
111 0 0:0.9987546566276795 1:0.001245343372320575 
112 0 0:0.9765938010734064 1:0.023406198926593593 
113 0 0:0.9354573329940193 1:0.0645426670059806 
114 0 1:0.578903821540348 0:0.421096178459652 
115 0 0:0.5707958928356197 1:0.4292041071643803 
116 0 0:0.8363194018681402 1:0.16368059813185967 
117 0 0:0.9096280554153381 1:0.09037194458466198 
118 0 0:0.9959356822849016 1:0.0040643177150985225 
119 0 0:0.9718616121683612 1:0.02813838783163883 
120 0 0:0.9911370872746907 1:0.008862912725309318 
121 0 0:0.9822615730653513 1:0.01773842693464871 
122 0 0:0.9979241492658456 1:0.002075850734154415 
123 0 0:0.9351469330339871 1:0.06485306696601283 
124 0 0:0.6600493467899652 1:0.33995065321003476 
125 0 0:0.6547768064577609 1:0.345223193542239 
126 0 0:0.9762774117390528 1:0.02372258826094728 
127 0 0:0.9921139049281285 1:0.007886095071871619 
128 0 0:0.9848399547597563 1:0.01516004524024378 
129 0 0:0.9970394004472982 1:0.0029605995527017693 
130 0 0:0.9853808652298047 1:0.014619134770195186 
131 0 0:0.9998428863999042 1:1.571136000958638E-4 
132 0 0:0.958688167474571 1:0.04131183252542904 
133 0 0:0.9985928706675979 1:0.0014071293324020284 
134 0 0:0.9872891621250816 1:0.012710837874918434 
135 0 0:0.9998324514826803 1:1.675485173197718E-4 
136 0 0:0.9997849626589699 1:2.1503734103018443E-4 
137 0 0:0.8786077388479472 1:0.12139226115205284 
138 0 0:0.999559215836257 1:4.4078416374307666E-4 
139 0 0:0.6800160693241111 1:0.319983930675889 
140 0 0:0.7930565397676999 1:0.20694346023230017 
141 0 0:0.9940359414663625 1:0.005964058533637505 
142 0 0:0.9994026182601023 1:5.973817398976955E-4 
143 0 0:0.5370626099217762 1:0.4629373900782238 
144 0 0:0.9829215771350286 1:0.017078422864971406 
145 0 0:0.9996487161259693 1:3.512838740306539E-4 
146 0 0:0.9493860554754253 1:0.05061394452457469 
147 0 0:0.9807074175454755 1:0.01929258245452434 
148 0 0:0.9615414972795218 1:0.03845850272047825 
149 0 0:0.9956549337556162 1:0.004345066244383772 
150 0 0:0.9986050583744052 1:0.0013949416255948865 
151 0 0:0.9782783564006899 1:0.02172164359930998 
152 0 0:0.9840697801547463 1:0.015930219845253737 
153 0 0:0.9999774194408496 1:2.2580559150263062E-5 
154 0 0:0.9182287363463175 1:0.08177126365368241 
155 0 0:0.9594476407105114 1:0.04055235928948876 
156 0 0:0.9977077264421063 1:0.002292273557893842 
157 0 1:0.5212510074049007 0:0.4787489925950993 
158 0 0:0.9862255003715048 1:0.013774499628495087 
159 0 0:0.865201674680886 1:0.13479832531911387 
160 0 0:0.9660947761401087 1:0.03390522385989127 
161 0 0:0.9835173607481167 1:0.016482639251883195 
162 0 0:0.9976164739022226 1:0.0023835260977774554 
163 0 0:0.9950067292876943 1:0.00499327071230576 
164 0 1:0.9591555418888233 0:0.040844458111176596 
165 0 0:0.6093834623574238 1:0.39061653764257614 
166 0 0:0.99717026761808 1:0.0028297323819200903 
167 0 0:0.9859397171138308 1:0.014060282886169156 
168 0 0:0.8135486686877048 1:0.18645133131229524 
169 0 0:0.9982646579126754 1:0.0017353420873246958 
170 0 0:0.6442641467234252 1:0.35573585327657475 
171 0 0:0.9270797928959938 1:0.07292020710400614 
172 0 0:0.981947955413712 1:0.01805204458628798 
173 0 0:0.6478828685956098 1:0.3521171314043902 
174 0 0:0.9805226319796249 1:0.019477368020375134 
175 0 1:0.7634109550471215 0:0.23658904495287844 
176 0 0:0.5237352699628725 1:0.4762647300371275 
177 0 0:0.9483148458278523 1:0.05168515417214763 
178 0 0:0.9328133071148642 1:0.06718669288513586 
179 0 1:0.5783043415406782 0:0.4216956584593218 
180 0 0:0.692218193487237 1:0.30778180651276305 
181 0 0:0.6224382499685985 1:0.37756175003140136 
182 0 1:0.5337198363981163 0:0.46628016360188373 
183 0 0:0.9987019735224129 1:0.0012980264775870449 
184 0 0:0.9881072104397982 1:0.01189278956020189 
185 0 1:0.8031804538166859 0:0.1968195461833142 
186 0 0:0.9584664814075183 1:0.04153351859248173 
187 0 0:0.8189574230468976 1:0.1810425769531023 
188 0 0:0.8583405254590497 1:0.14165947454095038 
189 0 0:0.996102845462475 1:0.003897154537525028 
190 0 0:0.5018416882013025 1:0.4981583117986975 
191 0 0:0.9985329810487614 1:0.0014670189512386166 
192 0 0:0.9893459782998291 1:0.010654021700170829 
193 0 0:0.9728152105878541 1:0.027184789412145895 
194 0 0:0.9996755686610386 1:3.244313389614299E-4 
195 0 1:0.9427881182422572 0:0.057211881757742784 
196 0 0:0.9988647645080825 1:0.0011352354919176451 
197 0 0:0.9995985772998901 1:4.0142270010980994E-4 
198 0 0:0.9862074977622352 1:0.013792502237764823 
199 0 1:0.6131288852555434 0:0.38687111474445657 
200 0 1:0.8039856891106861 0:0.1960143108893139 
201 1 1:0.7501054355574247 0:0.24989456444257538 
202 1 1:0.9593926144881368 0:0.04060738551186323 
203 1 1:0.999824192317315 0:1.758076826850069E-4 
204 1 1:0.9942617879632291 0:0.005738212036771038 
205 1 1:0.9999540393151612 0:4.596068483880276E-5 
206 1 1:0.9874069528259423 0:0.012593047174057823 
207 1 1:0.996959765182825 0:0.00304023481717503 
208 1 1:0.9180832993827523 0:0.08191670061724764 
209 1 1:0.894709441233859 0:0.10529055876614096 
210 1 1:0.9999946975466913 0:5.3024533087350595E-6 
211 1 1:0.9917431605211432 0:0.00825683947885678 
212 1 0:0.6652661598139569 1:0.3347338401860431 
213 1 1:0.997241645841116 0:0.0027583541588840623 
214 1 1:0.8678329722199606 0:0.13216702778003941 
215 1 1:0.9962285941541374 0:0.003771405845862464 
216 1 0:0.9521679548928587 1:0.04783204510714144 
217 1 1:0.5701417173606641 0:0.42985828263933595 
218 1 1:0.9860346640395659 0:0.013965335960434172 
219 1 1:0.9768399607162935 0:0.02316003928370651 
220 1 1:0.9999668601708639 0:3.313982913610779E-5 
221 1 1:0.9998421598431186 0:1.578401568813799E-4 
222 1 0:0.8626092025294254 1:0.13739079747057467 
223 1 1:0.8434895874581166 0:0.15651041254188322 
224 1 1:0.9972652020170875 0:0.0027347979829124235 
225 1 1:0.9670336925081947 0:0.03296630749180524 
226 1 1:0.996040922806338 0:0.00395907719366202 
227 1 1:0.9937937462820058 0:0.006206253717994103 
228 1 1:0.6499617910370908 0:0.35003820896290916 
229 1 1:0.7125233724271832 0:0.2874766275728168 
230 1 1:0.94605350490148 0:0.05394649509852003 
231 1 0:0.9925136709436408 1:0.007486329056359178 
232 1 0:0.9996304115680928 1:3.6958843190712526E-4 
233 1 1:0.9691727156988752 0:0.03082728430112479 
234 1 0:0.7815752730881854 1:0.2184247269118145 
235 1 1:0.9957482045682773 0:0.004251795431722624 
236 1 1:0.8825371509256267 0:0.11746284907437342 
237 1 1:0.8156454991156474 0:0.18435450088435254 
238 1 1:0.9056177476613355 0:0.0943822523386645 
239 1 0:0.7825801294227435 1:0.21741987057725656 
240 1 1:0.9380526906033024 0:0.061947309396697625 
241 1 0:0.6562093286351977 1:0.34379067136480235 
242 1 1:0.9188712771840726 0:0.08112872281592742 
243 1 1:0.9998020923389788 0:1.979076610210847E-4 
244 1 1:0.7648913235755936 0:0.23510867642440644 
245 1 0:0.8314361028204974 1:0.16856389717950257 
246 1 1:0.9967750863394566 0:0.0032249136605434817 
247 1 1:0.9037047865963247 0:0.0962952134036754 
248 1 1:0.9979207619621903 0:0.0020792380378097195 
249 1 1:0.9985548406268135 0:0.0014451593731863814 
250 1 1:0.9329135935182847 0:0.06708640648171521 
251 1 1:0.8906146417206906 0:0.10938535827930944 
252 1 1:0.9977144316764702 0:0.002285568323529885 
253 1 1:0.956241659526609 0:0.04375834047339104 
254 1 1:0.9993574865541779 0:6.425134458220855E-4 
255 1 1:0.9996298433630486 0:3.7015663695136205E-4 
256 1 1:0.6127745006600092 0:0.38722549933999084 
257 1 1:0.7308365088738327 0:0.2691634911261673 
258 1 0:0.9354681159466193 1:0.06453188405338069 
259 1 0:0.8424478812090125 1:0.1575521187909875 
260 1 1:0.9530004407532111 0:0.046999559246788856 
261 1 1:0.993646441433942 0:0.006353558566058132 
262 1 1:0.9614064784896353 0:0.03859352151036458 
263 1 1:0.8080644659071791 0:0.19193553409282085 
264 1 1:0.7051427123230358 0:0.2948572876769642 
265 1 0:0.8994969432517769 1:0.10050305674822316 
266 1 1:0.9967699754970147 0:0.0032300245029852127 
267 1 1:0.8633941284500689 0:0.13660587154993106 
268 1 1:0.8865805485170969 0:0.11341945148290314 
269 1 1:0.9976019703764916 0:0.0023980296235084626 
270 1 0:0.7019517740627381 1:0.2980482259372619 
271 1 1:0.9999958473710306 0:4.152628969274647E-6 
272 1 1:0.5303359797278198 0:0.4696640202721803 
273 1 1:0.8232466753615534 0:0.17675332463844667 
274 1 0:0.8867318170451117 1:0.11326818295488829 
275 1 1:0.9999899885830771 0:1.0011416922947619E-5 
276 1 1:0.9916504479135341 0:0.008349552086465886 
277 1 0:0.8567217126052226 1:0.1432782873947775 
278 1 1:0.9845616451988397 0:0.015438354801160362 
279 1 1:0.9505604889575925 0:0.0494395110424075 
280 1 1:0.9537213315879127 0:0.0462786684120873 
281 1 1:0.960527771709956 0:0.039472228290044 
282 1 1:0.9315494653899422 0:0.06845053461005786 
283 1 1:0.9761188371055675 0:0.023881162894432446 
284 1 0:0.6534154120774835 1:0.34658458792251656 
285 1 1:0.9781716130301855 0:0.02182838696981442 
286 1 1:0.9991490781911911 0:8.509218088088958E-4 
287 1 0:0.5221001234189824 1:0.4778998765810176 
288 1 1:0.9995699977225517 0:4.3000227744825455E-4 
289 1 1:0.9999104562237128 0:8.954377628734385E-5 
290 1 1:0.7426028163080463 0:0.2573971836919538 
291 1 1:0.9972242954785854 0:0.0027757045214145777 
292 1 1:0.9231174443723859 0:0.07688255562761417 
293 1 1:0.9999797394913821 0:2.026050861793403E-5 
294 1 1:0.9999930392435837 0:6.960756416304828E-6 
295 1 1:0.9999782020916245 0:2.1797908375602573E-5 
296 1 1:0.9919511489959087 0:0.008048851004091225 
297 1 1:0.9835947229628933 0:0.016405277037106817 
298 1 1:0.7377199154174559 0:0.2622800845825441 
299 1 1:0.9949647107417869 0:0.005035289258212956 
300 1 1:0.8836676429887181 0:0.11633235701128175 
301 1 1:0.9008161738797206 0:0.09918382612027933 
302 1 1:0.7523538548615472 0:0.24764614513845282 
303 1 1:0.9328486593130852 0:0.06715134068691483 
304 1 1:0.9993614253571403 0:6.38574642859698E-4 
305 1 1:0.9979848286409185 0:0.0020151713590815506 
306 1 1:0.9969653675157042 0:0.00303463248429578 
307 1 1:0.9803117841415768 0:0.019688215858423112 
308 1 1:0.9979104784804347 0:0.0020895215195652532 
309 1 1:0.9156620486110535 0:0.08433795138894662 
310 1 1:0.9021380085599306 0:0.09786199144006932 
311 1 1:0.999954650078393 0:4.534992160701218E-5 
312 1 0:0.6305844768801698 1:0.3694155231198301 
313 1 0:0.6270714204105379 1:0.37292857958946213 
314 1 1:0.8095609049806914 0:0.19043909501930859 
315 1 1:0.7375377394214061 0:0.2624622605785939 
316 1 1:0.9977247806179194 0:0.002275219382080545 
317 1 0:0.8570402041852843 1:0.14295979581471574 
318 1 1:0.9972836552954437 0:0.002716344704556316 
319 1 1:0.9990706638990642 0:9.293361009357408E-4 
320 1 1:0.9996920111097092 0:3.0798889029079533E-4 
321 1 1:0.9992180879606435 0:7.819120393565941E-4 
322 1 1:0.9997668119604769 0:2.3318803952299252E-4 
323 1 1:0.882942546232191 0:0.11705745376780904 
324 1 0:0.7870754263642334 1:0.21292457363576653 
325 1 0:0.9686584119992713 1:0.03134158800072884 
326 1 1:0.942510947804863 0:0.05748905219513687 
327 1 1:0.5413827358530058 0:0.4586172641469943 
328 1 1:0.9967654224032773 0:0.0032345775967227417 
329 1 0:0.8011204012146613 1:0.19887959878533867 
330 1 1:0.9996193012537331 0:3.806987462669474E-4 
331 1 0:0.770969352491838 1:0.229030647508162 
332 1 1:0.9975947665174574 0:0.0024052334825425603 
333 1 1:0.9905201687931805 0:0.009479831206819448 
334 1 1:0.992456560150456 0:0.007543439849544017 
335 1 1:0.9999730888455246 0:2.6911154475238818E-5 
336 1 1:0.9999586444281481 0:4.1355571852028844E-5 
337 1 1:0.9858215814509477 0:0.014178418549052446 
338 1 0:0.9412777899191493 1:0.05872221008085076 
339 1 1:0.9616028097067516 0:0.038397190293248326 
340 1 1:0.9800747897368648 0:0.019925210263135325 
341 1 0:0.8023772437874962 1:0.1976227562125037 
342 1 1:0.9715378870185523 0:0.02846211298144775 
343 1 0:0.5301906514929231 1:0.46980934850707695 
344 1 1:0.8594009826039347 0:0.14059901739606534 
345 1 1:0.9989417471589837 0:0.0010582528410163934 
346 1 1:0.9908650791542056 0:0.00913492084579444 
347 1 1:0.742465886756836 0:0.25753411324316394 
348 1 1:0.9895142854606178 0:0.010485714539382232 
349 1 1:0.7297868756986513 0:0.27021312430134875 
350 1 0:0.8674665195613711 1:0.13253348043862892 
351 1 1:0.9971475557740874 0:0.002852444225912516 
352 1 1:0.5534702384436594 0:0.4465297615563406 
353 1 1:0.9982391986094937 0:0.0017608013905064171 
354 1 1:0.9994857676003038 0:5.142323996960653E-4 
355 1 0:0.5656941117561783 1:0.43430588824382166 
356 1 1:0.9463002725907815 0:0.05369972740921843 
357 1 1:0.9788435651372632 0:0.021156434862736714 
358 1 1:0.9999593825616991 0:4.061743830081254E-5 
359 1 1:0.9724792107879967 0:0.027520789212003346 
360 1 0:0.9758951464097452 1:0.02410485359025487 
361 1 0:0.5212131008038647 1:0.4787868991961354 
362 1 1:0.9879029429849807 0:0.012097057015019355 
363 1 1:0.6855626211584549 0:0.3144373788415451 
364 1 0:0.75468001204688 1:0.2453199879531201 
365 1 1:0.9763565277111668 0:0.02364347228883336 
366 1 1:0.9677552994536002 0:0.032244700546399815 
367 1 1:0.9675203934075625 0:0.03247960659243743 
368 1 1:0.9223601427862282 0:0.07763985721377185 
369 1 1:0.9908437168635146 0:0.009156283136485335 
370 1 1:0.9312227088017665 0:0.06877729119823339 
371 1 1:0.8968383323683333 0:0.10316166763166662 
372 1 1:0.9905299979967344 0:0.009470002003265643 
373 1 1:0.9263694937041174 0:0.07363050629588257 
374 1 1:0.9965580975154289 0:0.003441902484571048 
375 1 1:0.9004545871586803 0:0.09954541284131965 
376 1 1:0.6860864824349859 0:0.3139135175650142 
377 1 1:0.5416018537025721 0:0.458398146297428 
378 1 1:0.9388300058505266 0:0.06116999414947352 
379 1 1:0.6966576791028761 0:0.3033423208971239 
380 1 1:0.7857340630130213 0:0.21426593698697868 
381 1 1:0.9992896339829456 0:7.103660170545042E-4 
382 1 1:0.9909241074246756 0:0.009075892575324375 
383 1 1:0.6719131600224104 0:0.32808683997758953 
384 1 1:0.9995643498724461 0:4.3565012755380475E-4 
385 1 1:0.9473171694108925 0:0.05268283058910748 
386 1 1:0.9978371855520849 0:0.0021628144479151758 
387 1 1:0.98814054981356 0:0.011859450186440025 
388 1 0:0.6718796051836579 1:0.3281203948163422 
389 1 1:0.9811449652214159 0:0.018855034778584082 
390 1 0:0.6941449793967965 1:0.3058550206032036 
391 1 1:0.5134801508073529 0:0.4865198491926471 
392 1 1:0.999986557528587 0:1.3442471413073788E-5 
393 1 1:0.9979100292059914 0:0.0020899707940086236 
394 1 1:0.9994971804387353 0:5.028195612646684E-4 
395 1 1:0.9983133696031788 0:0.001686630396821221 
396 1 0:0.966386579207769 1:0.0336134207922308 
397 1 1:0.9301134492104541 0:0.0698865507895459 
398 1 1:0.9763287553283179 0:0.023671244671682017 
399 1 1:0.8892876183089834 0:0.11071238169101662 
400 1 0:0.762598824582865 1:0.23740117541713504 
